<?xml version="1.0" encoding="UTF-8"?>
<testng-results ignored="0" total="2" passed="2" failed="0" skipped="0">
  <reporter-output>
  </reporter-output>
  <suite started-at="2025-11-07T23:42:08 EET" name="Default Suite" finished-at="2025-11-07T23:42:12 EET" duration-ms="4294">
    <groups>
    </groups>
    <test started-at="2025-11-07T23:42:08 EET" name="RESTAssuredAutomation" finished-at="2025-11-07T23:42:12 EET" duration-ms="4294">
      <class name="TestOne">
        <test-method signature="testOne()[pri:0, instance:TestOne@1ab3a8c8]" started-at="2025-11-07T23:42:08 EET" name="testOne" finished-at="2025-11-07T23:42:11 EET" duration-ms="3025" status="PASS">
          <reporter-output>
          </reporter-output>
        </test-method> <!-- testOne -->
        <test-method signature="testTwo()[pri:0, instance:TestOne@1ab3a8c8]" started-at="2025-11-07T23:42:11 EET" name="testTwo" finished-at="2025-11-07T23:42:12 EET" duration-ms="1193" status="PASS">
          <reporter-output>
          </reporter-output>
        </test-method> <!-- testTwo -->
      </class> <!-- TestOne -->
    </test> <!-- RESTAssuredAutomation -->
  </suite> <!-- Default Suite -->
</testng-results>
