<?xml version="1.0" encoding="UTF-8"?>
<!-- Generated by org.testng.reporters.JUnitReportReporter -->
<testsuite hostname="DESKTOP-0LR1DHF" failures="0" tests="5" name="TestOnReqres" time="5.403" errors="0" timestamp="2025-11-11T15:26:53 EET" skipped="0">
  <testcase classname="TestOnReqres" name="testDelete" time="2.802"/>
  <testcase classname="TestOnReqres" name="testPatch" time="0.408"/>
  <testcase classname="TestOnReqres" name="testPost" time="0.334"/>
  <testcase classname="TestOnReqres" name="testPut" time="0.335"/>
  <testcase classname="TestOnReqres" name="testGet" time="1.524"/>
</testsuite> <!-- TestOnReqres -->
